<?xml version="1.0" encoding="UTF-8"?>
<!-- Generated by org.testng.reporters.JUnitReportReporter -->
<testsuite skipped="0" hostname="DESKTOP-JN3VRRA" name="myPackage.SmokeTest" tests="1" failures="0" timestamp="2021-03-29T00:40:43 MESZ" time="14.668" errors="0">
  <testcase name="loginTest" time="14.668" classname="myPackage.SmokeTest"/>
  <system-out/>
</testsuite> <!-- myPackage.SmokeTest -->
